\BOOKMARK [1][-]{section.1}{Revision History}{}% 1
\BOOKMARK [1][-]{section.2}{Reference Material}{}% 2
\BOOKMARK [2][-]{subsection.2.1}{Table of Units}{section.2}% 3
\BOOKMARK [2][-]{subsection.2.2}{Table of Symbols}{section.2}% 4
\BOOKMARK [2][-]{subsection.2.3}{Abbreviations and Acronyms}{section.2}% 5
\BOOKMARK [1][-]{section.3}{Introduction}{}% 6
\BOOKMARK [2][-]{subsection.3.1}{Purpose of Document}{section.3}% 7
\BOOKMARK [2][-]{subsection.3.2}{Scope of the Family}{section.3}% 8
\BOOKMARK [2][-]{subsection.3.3}{Characteristics of Intended Reader}{section.3}% 9
\BOOKMARK [2][-]{subsection.3.4}{Organization of Document}{section.3}% 10
\BOOKMARK [1][-]{section.4}{General System Description}{}% 11
\BOOKMARK [2][-]{subsection.4.1}{Potential System Contexts}{section.4}% 12
\BOOKMARK [2][-]{subsection.4.2}{Potential User Characteristics}{section.4}% 13
\BOOKMARK [2][-]{subsection.4.3}{Potential System Constraints}{section.4}% 14
\BOOKMARK [1][-]{section.5}{Commonalities}{}% 15
\BOOKMARK [2][-]{subsection.5.1}{Background Overview}{section.5}% 16
\BOOKMARK [2][-]{subsection.5.2}{Terminology and Definitions}{section.5}% 17
\BOOKMARK [2][-]{subsection.5.3}{Data Definitions}{section.5}% 18
\BOOKMARK [2][-]{subsection.5.4}{Goal Statements}{section.5}% 19
\BOOKMARK [2][-]{subsection.5.5}{Theoretical Models}{section.5}% 20
\BOOKMARK [2][-]{subsection.5.6}{Instance Models}{section.5}% 21
\BOOKMARK [1][-]{section.6}{Variabilities}{}% 22
\BOOKMARK [2][-]{subsection.6.1}{Assumptions}{section.6}% 23
\BOOKMARK [2][-]{subsection.6.2}{Calculation}{section.6}% 24
\BOOKMARK [2][-]{subsection.6.3}{Output}{section.6}% 25
\BOOKMARK [1][-]{section.7}{Traceability Matrices and Graphs}{}% 26
\BOOKMARK [1][-]{section.8}{Appendix}{}% 27
\BOOKMARK [2][-]{subsection.8.1}{Symbolic Parameters}{section.8}% 28
